
                                      ARENA Simulation Results
                                   Windows User - License: STUDENT

                                  Sumário para Replicação 1 de 1

Projeto: Exercicio 05                                                Data da execução : 9/ 4/2021
Analista: Luilquer                                                    Data de revisão do modelo: 9/ 4/2021

Replicação terminada no tempo de      : 5000.0 Minutos 
Unidade de Tempo Base: Minutos

                                           VARIÁVEIS DE REGISTRO

Identificador                                  Média   Meia Largura  Mínimo    Máximo   Observações
___________________________________________________________________________________________________

Server_1.TranTimePerEntity                  10.050     (Insuf)    7.0147     12.523        150    
Tempo Servidor1                             653.95     (Insuf)    9.6397     1297.7        150    
Tempo Servidor2                             663.60     (Insuf)    19.451     1306.3        150    
Server_2.TotalTimePerEntity                 9.6489     (Insuf)    8.1363     10.917        150    
Server_1.TotalTimePerEntity                 653.95     (Insuf)    9.6397     1297.7        150    
Server_2.VATimePerEntity                    9.6489     (Insuf)    8.1363     10.917        150    
Server_1.WaitTimePerEntity                  643.90     (Insuf)    .00000     1286.0        150    
chegada.VATime                              9.6489     (Insuf)    8.1363     10.917        150    
chegada.NVATime                             .00000     (Insuf)    .00000     .00000        150    
chegada.WaitTime                            643.90     (Insuf)    .00000     1286.0        150    
chegada.TranTime                            10.050     (Insuf)    7.0147     12.523        150    
chegada.OtherTime                           .00000     (Insuf)    .00000     .00000        150    
chegada.TotalTime                           663.60     (Insuf)    19.451     1306.3        150    
Server_1.Queue.WaitingTime                  643.90     (Insuf)    .00000     1286.0        150    

                                     VARIÁVEIS DISCRETAS

Identificador                                 Média   Meia Largura  Mínimo    Máximo   Valor Final
___________________________________________________________________________________________________

chegada.WIP                                 19.908     (Insuf)    .00000     67.000     .00000    
servidor1.NumberBusy                        .59099     (Insuf)    .00000     1.0000     .00000    
servidor1.NumberScheduled                   1.0000     (Insuf)    1.0000     1.0000     1.0000    
servidor1.Utilization                       .59099     (Insuf)    .00000     1.0000     .00000    
Server_1.Queue.NumberInQueue                19.317     (Insuf)    .00000     66.000     .00000    

                                             RESULTADOS

Identificador                                   Valor
_____________________________________________________________

Server_2 Accum VA Time                      1447.3    
Server_2 Number Out                         150.00    
Server_1 Number Out                         150.00    
Server_2 Number In                          150.00    
Server_1 Number In                          150.00    
Server_1 Accum Transfer Time                1507.6    
Server_1 Accum Wait Time                    96585.    
chegada.NumberIn                            150.00    
chegada.NumberOut                           150.00    
servidor1.NumberSeized                      150.00    
servidor1.ScheduledUtilization              .59099    
System.NumberOut                            150.00    


Tempo executando a simulação: 0.02 minutos.
Simulação completada.
