Controlador de execução do SIMAN.

0.0 Minutos>
                                      ARENA Simulation Results
                                   Windows User - License: STUDENT

                                  Sumário para Replicação 1 de 1

Projeto: Exercicio05                                                 Data da execução : 9/ 4/2021
Analista: Luilquer                                                    Data de revisão do modelo: 9/ 4/2021

Replicação terminada no tempo de      : 5000.0 Minutos 
Unidade de Tempo Base: Minutos

                                           VARIÁVEIS DE REGISTRO

Identificador                                  Média   Meia Largura  Mínimo    Máximo   Observações
___________________________________________________________________________________________________

Server_1.TranTimePerEntity                  9.9384     (Insuf)    7.4401     12.523         78    
Tempo Servidor1                             13.966     (Insuf)    7.4401     41.203         78    
Tempo Servidor2                             12.062     (Insuf)    8.4233     24.582         72    
Server_2.TotalTimePerEntity                 12.062     (Insuf)    8.4233     24.582         72    
Server_1.TotalTimePerEntity                 13.966     (Insuf)    7.4401     41.203         78    
Server_2.VATimePerEntity                    9.5989     (Insuf)    8.2739     10.825         72    
Server_2.WaitTimePerEntity                  2.4638     (Insuf)    .00000     16.289         72    
Server_1.WaitTimePerEntity                  4.0280     (Insuf)    .00000     31.529         78    
chegada.VATime                              4.6075     (Insuf)    .00000     10.825        150    
chegada.NVATime                             .00000     (Insuf)    .00000     .00000        150    
chegada.WaitTime                            3.2772     (Insuf)    .00000     31.529        150    
chegada.TranTime                            5.1680     (Insuf)    .00000     12.523        150    
chegada.OtherTime                           .00000     (Insuf)    .00000     .00000        150    
chegada.TotalTime                           13.052     (Insuf)    7.4401     41.203        150    
Server_2.Queue.WaitingTime                  2.4638     (Insuf)    .00000     16.289         72    
Server_1.Queue.WaitingTime                  4.0280     (Insuf)    .00000     31.529         78    

                                     VARIÁVEIS DISCRETAS

Identificador                                 Média   Meia Largura  Mínimo    Máximo   Valor Final
___________________________________________________________________________________________________

chegada.WIP                                 .39158     (Insuf)    .00000     5.0000     .00000    
servidor2.NumberBusy                        .13822     (Insuf)    .00000     1.0000     .00000    
servidor2.NumberScheduled                   1.0000     (Insuf)    1.0000     1.0000     1.0000    
servidor2.Utilization                       .13822     (Insuf)    .00000     1.0000     .00000    
servidor1.NumberBusy                        .15504     (Insuf)    .00000     1.0000     .00000    
servidor1.NumberScheduled                   1.0000     (Insuf)    1.0000     1.0000     1.0000    
servidor1.Utilization                       .15504     (Insuf)    .00000     1.0000     .00000    
Server_2.Queue.NumberInQueue                .03548     (Insuf)    .00000     2.0000     .00000    
Server_1.Queue.NumberInQueue                .06284     (Insuf)    .00000     3.0000     .00000    

                                             RESULTADOS

Identificador                                   Valor
_____________________________________________________________

Server_2 Accum VA Time                      691.12    
Server_2 Number Out                         72.000    
Server_1 Number Out                         78.000    
Server_2 Number In                          72.000    
Server_1 Number In                          78.000    
Server_1 Accum Transfer Time                775.20    
Server_2 Accum Wait Time                    177.39    
Server_1 Accum Wait Time                    314.18    
chegada.NumberIn                            150.00    
chegada.NumberOut                           150.00    
servidor2.NumberSeized                      72.000    
servidor2.ScheduledUtilization              .13822    
servidor1.NumberSeized                      78.000    
servidor1.ScheduledUtilization              .15504    
System.NumberOut                            150.00    


Tempo executando a simulação: 0.22 minutos.
Simulação completada.
